<?xml version="1.0" encoding="UTF-8"?>
<testng-results ignored="0" total="1" passed="1" failed="0" skipped="0">
  <reporter-output>
  </reporter-output>
  <suite started-at="2022-02-11T10:03:17 EST" name="Default suite" finished-at="2022-02-11T10:03:18 EST" duration-ms="560">
    <groups>
    </groups>
    <test started-at="2022-02-11T10:03:17 EST" name="Default test" finished-at="2022-02-11T10:03:18 EST" duration-ms="560">
      <class name="tests.CreateAccountTest">
        <test-method signature="test()[pri:0, instance:tests.CreateAccountTest@7fee8714]" started-at="2022-02-11T10:03:17 EST" name="test" finished-at="2022-02-11T10:03:18 EST" duration-ms="534" status="PASS">
          <reporter-output>
          </reporter-output>
        </test-method> <!-- test -->
      </class> <!-- tests.CreateAccountTest -->
    </test> <!-- Default test -->
  </suite> <!-- Default suite -->
</testng-results>
