<?xml version="1.0" encoding="UTF-8"?>
<!-- Generated by org.testng.reporters.JUnitXMLReporter -->
<testsuite ignored="0" hostname="Shree-Ram" failures="0" tests="4" name="Test" time="61.584" errors="0" timestamp="2022-02-10T12:12:40 EST">
  <testcase classname="tests.LoginPageTest" name="loginPageTitletest" time="0.166"/>
  <testcase classname="tests.LoginPageTest" name="newTabTest" time="2.574"/>
  <testcase classname="tests.LoginPageTest" name="createAccountTest" time="3.764"/>
  <testcase classname="tests.CreateAccountTest" name="verifyTitleTest" time="0.018"/>
</testsuite> <!-- Test -->
